#=============================================================================#
#            dieharder version 3.31.1 Copyright 2003 Robert G. Brown          #
#=============================================================================#
   rng_name    |           filename             |rands/second|
     file_input|                       xoroshiro|  1.01e+05  |
#=============================================================================#
        test_name   |ntup| tsamples |psamples|  p-value |Assessment
#=============================================================================#
# The file file_input was rewound 2 times
        diehard_runs|   0|    100000|     100|0.00000000|  FAILED  
        diehard_runs|   0|    100000|     100|0.00000000|  FAILED  
#=============================================================================#
#            dieharder version 3.31.1 Copyright 2003 Robert G. Brown          #
#=============================================================================#
   rng_name    |           filename             |rands/second|
     file_input|                       xoroshiro|  9.95e+04  |
#=============================================================================#
        test_name   |ntup| tsamples |psamples|  p-value |Assessment
#=============================================================================#
# The file file_input was rewound 2 times
             dab_dct| 256|     50000|       1|0.00000000|  FAILED  
#=============================================================================#
#            dieharder version 3.31.1 Copyright 2003 Robert G. Brown          #
#=============================================================================#
   rng_name    |           filename             |rands/second|
     file_input|                       xoroshiro|  1.00e+05  |
#=============================================================================#
        test_name   |ntup| tsamples |psamples|  p-value |Assessment
#=============================================================================#
# The file file_input was rewound 7 times
    diehard_rank_6x8|   0|    100000|     100|0.00000000|  FAILED  
#=============================================================================#
#            dieharder version 3.31.1 Copyright 2003 Robert G. Brown          #
#=============================================================================#
   rng_name    |           filename             |rands/second|
     file_input|                       xoroshiro|  1.00e+05  |
#=============================================================================#
        test_name   |ntup| tsamples |psamples|  p-value |Assessment
#=============================================================================#
# The file file_input was rewound 13 times
  diehard_rank_32x32|   0|     40000|     100|0.00000000|  FAILED  
